WARNING:root:client('192.168.100.3', 48726) disconnected at 2023-02-05 16:00:46.303102
WARNING:root:client('192.168.100.4', 51265) disconnected at 2023-02-05 18:38:10.148829
WARNING:root:client('192.168.100.3', 56242) disconnected at 2023-02-05 18:41:21.394203
WARNING:root:client('192.168.100.4', 51270) disconnected at 2023-02-05 18:45:59.437595
WARNING:root:client('192.168.100.4', 51272) disconnected at 2023-02-05 18:46:30.118800
WARNING:root:client('192.168.100.3', 45060) disconnected at 2023-02-05 18:48:15.383053
WARNING:root:client('192.168.100.4', 51284) disconnected at 2023-02-05 18:53:22.869567
WARNING:root:client('192.168.100.4', 51299) disconnected at 2023-02-05 19:49:26.608473
WARNING:root:client('192.168.100.3', 35782) disconnected at 2023-02-05 20:02:30.047520
WARNING:root:client('192.168.100.3', 44476) disconnected at 2023-02-05 20:15:13.684221
WARNING:root:client('192.168.100.3', 58920) disconnected at 2023-02-06 18:58:33.108222
WARNING:root:client('192.168.100.2', 52591) disconnected at 2023-02-06 18:59:48.801722
WARNING:root:client('192.168.100.82', 50368) disconnected at 2023-02-06 19:00:01.664402
WARNING:root:client('192.168.100.82', 51232) disconnected at 2023-02-06 19:15:26.214775
WARNING:root:client('192.168.100.2', 52596) disconnected at 2023-02-06 19:25:43.948900
WARNING:root:client('192.168.100.82', 33620) disconnected at 2023-02-06 19:34:20.314308
WARNING:root:client('192.168.100.82', 36462) disconnected at 2023-02-06 19:37:09.981561
WARNING:root:client('192.168.100.82', 60956) disconnected at 2023-02-06 19:40:04.771270
WARNING:root:client('192.168.100.70', 1353) disconnected at 2023-02-07 13:01:30.399302
WARNING:root:client('192.168.100.70', 1420) disconnected at 2023-02-07 13:18:05.285500
WARNING:root:client('192.168.100.70', 1437) disconnected at 2023-02-07 13:51:00.611834
WARNING:root:client('192.168.100.82', 54288) disconnected at 2023-02-07 17:45:56.772158
WARNING:root:client('192.168.100.2', 51502) disconnected at 2023-02-07 18:21:13.487375
2023-02-08 16:26:03,330 | INFO | 25: Everything is normal. Relax!
2023-02-08 16:26:03,331 | ERROR | 28: Something unexpected and important happened.
2023-02-09 11:19:00,183 | INFO | 25: 
Controller constructor: 
2023-02-09 11:19:00,184 | INFO | 26: connect to DB .....
2023-02-09 11:19:00,184 | INFO | 27: active DB cursor ..... 

2023-02-09 11:20:45,973 | INFO | 25: 
Controller constructor: 
2023-02-09 11:20:45,974 | INFO | 26: connect to DB .....
2023-02-09 11:20:45,974 | INFO | 27: active DB cursor ..... 

2023-02-09 11:30:15,644 | INFO | 25: 
Controller constructor: 
2023-02-09 11:30:15,645 | INFO | 26: connect to DB .....
2023-02-09 11:30:15,645 | INFO | 27: active DB cursor ..... 

2023-02-09 11:30:15,646 | INFO | 396: 
Util constructor: 
2023-02-09 11:30:15,646 | INFO | 397: run QApplication .......
2023-02-09 11:30:15,646 | INFO | 398: init screensize .......
2023-02-09 11:30:15,646 | INFO | 399: init components dict .......

2023-02-09 11:30:15,697 | INFO | 47: can't connect to server
2023-02-09 11:30:15,697 | INFO | 47: can't connect to server
2023-02-09 11:30:15,765 | INFO | 59: can't connect to server
2023-02-09 11:30:15,765 | INFO | 59: can't connect to server
2023-02-09 11:30:15,766 | ERROR | 60: [Errno 61] Connection refused
2023-02-09 11:30:15,766 | ERROR | 60: [Errno 61] Connection refused
2023-02-09 11:30:16,769 | INFO | 47: can't connect to server
2023-02-09 11:30:16,769 | INFO | 47: can't connect to server
2023-02-09 11:30:16,770 | INFO | 59: can't connect to server
2023-02-09 11:30:16,770 | INFO | 59: can't connect to server
2023-02-09 11:30:16,770 | ERROR | 60: [Errno 61] Connection refused
2023-02-09 11:30:16,770 | ERROR | 60: [Errno 61] Connection refused
2023-02-09 11:30:17,772 | INFO | 47: can't connect to server
2023-02-09 11:30:17,772 | INFO | 47: can't connect to server
2023-02-09 11:30:17,774 | INFO | 59: can't connect to server
2023-02-09 11:30:17,774 | INFO | 59: can't connect to server
2023-02-09 11:30:17,774 | ERROR | 60: [Errno 61] Connection refused
2023-02-09 11:30:17,774 | ERROR | 60: [Errno 61] Connection refused
2023-02-09 11:30:18,777 | INFO | 47: can't connect to server
2023-02-09 11:30:18,777 | INFO | 47: can't connect to server
2023-02-09 11:30:18,777 | INFO | 59: can't connect to server
2023-02-09 11:30:18,777 | INFO | 59: can't connect to server
2023-02-09 11:30:18,777 | ERROR | 60: [Errno 61] Connection refused
2023-02-09 11:30:18,777 | ERROR | 60: [Errno 61] Connection refused
2023-02-09 11:30:19,783 | INFO | 47: can't connect to server
2023-02-09 11:30:19,783 | INFO | 47: can't connect to server
2023-02-09 11:30:19,784 | INFO | 59: can't connect to server
2023-02-09 11:30:19,784 | INFO | 59: can't connect to server
2023-02-09 11:30:19,784 | ERROR | 60: [Errno 61] Connection refused
2023-02-09 11:30:19,784 | ERROR | 60: [Errno 61] Connection refused
2023-02-09 11:30:20,784 | INFO | 47: can't connect to server
2023-02-09 11:30:20,784 | INFO | 47: can't connect to server
2023-02-09 11:30:20,785 | INFO | 59: can't connect to server
2023-02-09 11:30:20,785 | INFO | 59: can't connect to server
2023-02-09 11:30:20,785 | ERROR | 60: [Errno 61] Connection refused
2023-02-09 11:30:20,785 | ERROR | 60: [Errno 61] Connection refused
2023-02-09 11:30:21,790 | INFO | 47: can't connect to server
2023-02-09 11:30:21,790 | INFO | 47: can't connect to server
2023-02-09 11:30:21,791 | INFO | 59: can't connect to server
2023-02-09 11:30:21,791 | INFO | 59: can't connect to server
2023-02-09 11:30:21,791 | ERROR | 60: [Errno 61] Connection refused
2023-02-09 11:30:21,791 | ERROR | 60: [Errno 61] Connection refused
2023-02-09 11:30:22,794 | INFO | 47: can't connect to server
2023-02-09 11:30:22,794 | INFO | 47: can't connect to server
2023-02-09 11:30:22,797 | INFO | 59: can't connect to server
2023-02-09 11:30:22,797 | INFO | 59: can't connect to server
2023-02-09 11:30:22,800 | ERROR | 60: [Errno 61] Connection refused
2023-02-09 11:30:22,800 | ERROR | 60: [Errno 61] Connection refused
2023-02-09 11:30:23,803 | INFO | 47: can't connect to server
2023-02-09 11:30:23,803 | INFO | 47: can't connect to server
2023-02-09 11:30:23,804 | INFO | 59: can't connect to server
2023-02-09 11:30:23,804 | INFO | 59: can't connect to server
2023-02-09 11:30:23,805 | ERROR | 60: [Errno 61] Connection refused
2023-02-09 11:30:23,805 | ERROR | 60: [Errno 61] Connection refused
2023-02-09 11:30:24,805 | INFO | 47: can't connect to server
2023-02-09 11:30:24,805 | INFO | 47: can't connect to server
2023-02-09 11:30:24,807 | INFO | 59: can't connect to server
2023-02-09 11:30:24,807 | INFO | 59: can't connect to server
2023-02-09 11:30:24,807 | ERROR | 60: [Errno 61] Connection refused
2023-02-09 11:30:24,807 | ERROR | 60: [Errno 61] Connection refused
2023-02-09 11:30:25,813 | INFO | 47: can't connect to server
2023-02-09 11:30:25,813 | INFO | 47: can't connect to server
2023-02-09 11:30:25,813 | INFO | 59: can't connect to server
2023-02-09 11:30:25,813 | INFO | 59: can't connect to server
2023-02-09 11:30:25,813 | ERROR | 60: [Errno 61] Connection refused
2023-02-09 11:30:25,813 | ERROR | 60: [Errno 61] Connection refused
2023-02-09 11:30:26,818 | INFO | 47: can't connect to server
2023-02-09 11:30:26,818 | INFO | 47: can't connect to server
2023-02-09 11:30:26,818 | INFO | 59: can't connect to server
2023-02-09 11:30:26,818 | INFO | 59: can't connect to server
2023-02-09 11:30:26,819 | ERROR | 60: [Errno 61] Connection refused
2023-02-09 11:30:26,819 | ERROR | 60: [Errno 61] Connection refused
2023-02-09 11:30:27,821 | INFO | 47: can't connect to server
2023-02-09 11:30:27,821 | INFO | 47: can't connect to server
2023-02-09 11:30:27,822 | INFO | 59: can't connect to server
2023-02-09 11:30:27,822 | INFO | 59: can't connect to server
2023-02-09 11:30:27,824 | ERROR | 60: [Errno 61] Connection refused
2023-02-09 11:30:27,824 | ERROR | 60: [Errno 61] Connection refused
2023-02-09 11:30:28,829 | INFO | 47: can't connect to server
2023-02-09 11:30:28,829 | INFO | 47: can't connect to server
2023-02-09 11:30:28,829 | INFO | 59: can't connect to server
2023-02-09 11:30:28,829 | INFO | 59: can't connect to server
2023-02-09 11:30:28,829 | ERROR | 60: [Errno 61] Connection refused
2023-02-09 11:30:28,829 | ERROR | 60: [Errno 61] Connection refused
2023-02-09 11:30:29,830 | INFO | 47: can't connect to server
2023-02-09 11:30:29,830 | INFO | 47: can't connect to server
2023-02-09 11:30:29,831 | INFO | 59: can't connect to server
2023-02-09 11:30:29,831 | INFO | 59: can't connect to server
2023-02-09 11:30:29,831 | ERROR | 60: [Errno 61] Connection refused
2023-02-09 11:30:29,831 | ERROR | 60: [Errno 61] Connection refused
2023-02-09 11:30:30,833 | INFO | 47: can't connect to server
2023-02-09 11:30:30,833 | INFO | 47: can't connect to server
2023-02-09 11:30:30,834 | INFO | 59: can't connect to server
2023-02-09 11:30:30,834 | INFO | 59: can't connect to server
2023-02-09 11:30:30,834 | ERROR | 60: [Errno 61] Connection refused
2023-02-09 11:30:30,834 | ERROR | 60: [Errno 61] Connection refused
2023-02-09 11:30:31,838 | INFO | 47: can't connect to server
2023-02-09 11:30:31,838 | INFO | 47: can't connect to server
2023-02-09 11:30:31,839 | INFO | 59: can't connect to server
2023-02-09 11:30:31,839 | INFO | 59: can't connect to server
2023-02-09 11:30:31,839 | ERROR | 60: [Errno 61] Connection refused
2023-02-09 11:30:31,839 | ERROR | 60: [Errno 61] Connection refused
2023-02-09 11:30:32,844 | INFO | 47: can't connect to server
2023-02-09 11:30:32,844 | INFO | 47: can't connect to server
2023-02-09 11:30:32,845 | INFO | 59: can't connect to server
2023-02-09 11:30:32,845 | INFO | 59: can't connect to server
2023-02-09 11:30:32,845 | ERROR | 60: [Errno 61] Connection refused
2023-02-09 11:30:32,845 | ERROR | 60: [Errno 61] Connection refused
2023-02-09 11:30:33,847 | INFO | 47: can't connect to server
2023-02-09 11:30:33,847 | INFO | 47: can't connect to server
2023-02-09 11:30:33,848 | INFO | 59: can't connect to server
2023-02-09 11:30:33,848 | INFO | 59: can't connect to server
2023-02-09 11:30:33,848 | ERROR | 60: [Errno 61] Connection refused
2023-02-09 11:30:33,848 | ERROR | 60: [Errno 61] Connection refused
2023-02-09 11:30:34,851 | INFO | 47: can't connect to server
2023-02-09 11:30:34,851 | INFO | 47: can't connect to server
2023-02-09 11:30:34,852 | INFO | 59: can't connect to server
2023-02-09 11:30:34,852 | INFO | 59: can't connect to server
2023-02-09 11:30:34,852 | ERROR | 60: [Errno 61] Connection refused
2023-02-09 11:30:34,852 | ERROR | 60: [Errno 61] Connection refused
2023-02-09 11:30:35,856 | INFO | 47: can't connect to server
2023-02-09 11:30:35,856 | INFO | 47: can't connect to server
2023-02-09 11:30:35,857 | INFO | 59: can't connect to server
2023-02-09 11:30:35,857 | INFO | 59: can't connect to server
2023-02-09 11:30:35,857 | ERROR | 60: [Errno 61] Connection refused
2023-02-09 11:30:35,857 | ERROR | 60: [Errno 61] Connection refused
2023-02-09 11:30:36,858 | INFO | 47: can't connect to server
2023-02-09 11:30:36,858 | INFO | 47: can't connect to server
2023-02-09 11:30:36,859 | INFO | 59: can't connect to server
2023-02-09 11:30:36,859 | INFO | 59: can't connect to server
2023-02-09 11:30:36,860 | ERROR | 60: [Errno 61] Connection refused
2023-02-09 11:30:36,860 | ERROR | 60: [Errno 61] Connection refused
2023-02-09 11:30:37,864 | INFO | 47: can't connect to server
2023-02-09 11:30:37,864 | INFO | 47: can't connect to server
2023-02-09 11:30:37,865 | INFO | 59: can't connect to server
2023-02-09 11:30:37,865 | INFO | 59: can't connect to server
2023-02-09 11:30:37,865 | ERROR | 60: [Errno 61] Connection refused
2023-02-09 11:30:37,865 | ERROR | 60: [Errno 61] Connection refused
2023-02-09 11:30:38,870 | INFO | 47: can't connect to server
2023-02-09 11:30:38,870 | INFO | 47: can't connect to server
2023-02-09 11:30:38,871 | INFO | 59: can't connect to server
2023-02-09 11:30:38,871 | INFO | 59: can't connect to server
2023-02-09 11:30:38,871 | ERROR | 60: [Errno 61] Connection refused
2023-02-09 11:30:38,871 | ERROR | 60: [Errno 61] Connection refused
2023-02-09 11:30:39,872 | INFO | 47: can't connect to server
2023-02-09 11:30:39,872 | INFO | 47: can't connect to server
2023-02-09 11:30:39,873 | INFO | 59: can't connect to server
2023-02-09 11:30:39,873 | INFO | 59: can't connect to server
2023-02-09 11:30:39,873 | ERROR | 60: [Errno 61] Connection refused
2023-02-09 11:30:39,873 | ERROR | 60: [Errno 61] Connection refused
2023-02-09 11:30:40,878 | INFO | 47: can't connect to server
2023-02-09 11:30:40,878 | INFO | 47: can't connect to server
2023-02-09 11:30:40,879 | INFO | 59: can't connect to server
2023-02-09 11:30:40,879 | INFO | 59: can't connect to server
2023-02-09 11:30:40,879 | ERROR | 60: [Errno 61] Connection refused
2023-02-09 11:30:40,879 | ERROR | 60: [Errno 61] Connection refused
2023-02-09 11:30:41,883 | INFO | 47: can't connect to server
2023-02-09 11:30:41,883 | INFO | 47: can't connect to server
2023-02-09 11:30:41,884 | INFO | 59: can't connect to server
2023-02-09 11:30:41,884 | INFO | 59: can't connect to server
2023-02-09 11:30:41,884 | ERROR | 60: [Errno 61] Connection refused
2023-02-09 11:30:41,884 | ERROR | 60: [Errno 61] Connection refused
2023-02-09 11:30:42,888 | INFO | 47: can't connect to server
2023-02-09 11:30:42,888 | INFO | 47: can't connect to server
2023-02-09 11:30:42,889 | INFO | 59: can't connect to server
2023-02-09 11:30:42,889 | INFO | 59: can't connect to server
2023-02-09 11:30:42,889 | ERROR | 60: [Errno 61] Connection refused
2023-02-09 11:30:42,889 | ERROR | 60: [Errno 61] Connection refused
2023-02-09 11:30:43,891 | INFO | 47: can't connect to server
2023-02-09 11:30:43,891 | INFO | 47: can't connect to server
2023-02-09 11:30:43,892 | INFO | 59: can't connect to server
2023-02-09 11:30:43,892 | INFO | 59: can't connect to server
2023-02-09 11:30:43,892 | ERROR | 60: [Errno 61] Connection refused
2023-02-09 11:30:43,892 | ERROR | 60: [Errno 61] Connection refused
2023-02-09 11:30:44,896 | INFO | 47: can't connect to server
2023-02-09 11:30:44,896 | INFO | 47: can't connect to server
2023-02-09 11:30:44,896 | INFO | 59: can't connect to server
2023-02-09 11:30:44,896 | INFO | 59: can't connect to server
2023-02-09 11:30:44,897 | ERROR | 60: [Errno 61] Connection refused
2023-02-09 11:30:44,897 | ERROR | 60: [Errno 61] Connection refused
2023-02-09 11:30:45,901 | INFO | 47: can't connect to server
2023-02-09 11:30:45,901 | INFO | 47: can't connect to server
2023-02-09 11:30:45,901 | INFO | 59: can't connect to server
2023-02-09 11:30:45,901 | INFO | 59: can't connect to server
2023-02-09 11:30:45,901 | ERROR | 60: [Errno 61] Connection refused
2023-02-09 11:30:45,901 | ERROR | 60: [Errno 61] Connection refused
2023-02-09 11:30:46,905 | INFO | 47: can't connect to server
2023-02-09 11:30:46,905 | INFO | 47: can't connect to server
2023-02-09 11:30:46,906 | INFO | 59: can't connect to server
2023-02-09 11:30:46,906 | INFO | 59: can't connect to server
2023-02-09 11:30:46,906 | ERROR | 60: [Errno 61] Connection refused
2023-02-09 11:30:46,906 | ERROR | 60: [Errno 61] Connection refused
2023-02-09 11:30:47,908 | INFO | 47: can't connect to server
2023-02-09 11:30:47,908 | INFO | 47: can't connect to server
2023-02-09 11:30:47,909 | INFO | 59: can't connect to server
2023-02-09 11:30:47,909 | INFO | 59: can't connect to server
2023-02-09 11:30:47,909 | ERROR | 60: [Errno 61] Connection refused
2023-02-09 11:30:47,909 | ERROR | 60: [Errno 61] Connection refused
2023-02-09 11:30:48,913 | INFO | 47: can't connect to server
2023-02-09 11:30:48,913 | INFO | 47: can't connect to server
2023-02-09 11:30:48,914 | INFO | 59: can't connect to server
2023-02-09 11:30:48,914 | INFO | 59: can't connect to server
2023-02-09 11:30:48,914 | ERROR | 60: [Errno 61] Connection refused
2023-02-09 11:30:48,914 | ERROR | 60: [Errno 61] Connection refused
2023-02-09 11:30:49,916 | INFO | 47: can't connect to server
2023-02-09 11:30:49,916 | INFO | 47: can't connect to server
2023-02-09 11:30:49,917 | INFO | 59: can't connect to server
2023-02-09 11:30:49,917 | INFO | 59: can't connect to server
2023-02-09 11:30:49,917 | ERROR | 60: [Errno 61] Connection refused
2023-02-09 11:30:49,917 | ERROR | 60: [Errno 61] Connection refused
2023-02-09 11:30:50,920 | INFO | 47: can't connect to server
2023-02-09 11:30:50,920 | INFO | 47: can't connect to server
2023-02-09 11:30:50,921 | INFO | 59: can't connect to server
2023-02-09 11:30:50,921 | INFO | 59: can't connect to server
2023-02-09 11:30:50,921 | ERROR | 60: [Errno 61] Connection refused
2023-02-09 11:30:50,921 | ERROR | 60: [Errno 61] Connection refused
2023-02-09 11:30:51,926 | INFO | 47: can't connect to server
2023-02-09 11:30:51,926 | INFO | 47: can't connect to server
2023-02-09 11:30:51,926 | INFO | 59: can't connect to server
2023-02-09 11:30:51,926 | INFO | 59: can't connect to server
2023-02-09 11:30:51,926 | ERROR | 60: [Errno 61] Connection refused
2023-02-09 11:30:51,926 | ERROR | 60: [Errno 61] Connection refused
2023-02-09 11:30:52,930 | INFO | 47: can't connect to server
2023-02-09 11:30:52,930 | INFO | 47: can't connect to server
2023-02-09 11:30:52,930 | INFO | 59: can't connect to server
2023-02-09 11:30:52,930 | INFO | 59: can't connect to server
2023-02-09 11:30:52,930 | ERROR | 60: [Errno 61] Connection refused
2023-02-09 11:30:52,930 | ERROR | 60: [Errno 61] Connection refused
2023-02-09 11:30:53,933 | INFO | 47: can't connect to server
2023-02-09 11:30:53,933 | INFO | 47: can't connect to server
2023-02-09 11:30:53,933 | INFO | 59: can't connect to server
2023-02-09 11:30:53,933 | INFO | 59: can't connect to server
2023-02-09 11:30:53,934 | ERROR | 60: [Errno 61] Connection refused
2023-02-09 11:30:53,934 | ERROR | 60: [Errno 61] Connection refused
2023-02-09 11:30:54,939 | INFO | 47: can't connect to server
2023-02-09 11:30:54,939 | INFO | 47: can't connect to server
2023-02-09 11:30:54,939 | INFO | 59: can't connect to server
2023-02-09 11:30:54,939 | INFO | 59: can't connect to server
2023-02-09 11:30:54,940 | ERROR | 60: [Errno 61] Connection refused
2023-02-09 11:30:54,940 | ERROR | 60: [Errno 61] Connection refused
2023-02-09 11:30:55,944 | INFO | 47: can't connect to server
2023-02-09 11:30:55,944 | INFO | 47: can't connect to server
2023-02-09 11:30:55,945 | INFO | 59: can't connect to server
2023-02-09 11:30:55,945 | INFO | 59: can't connect to server
2023-02-09 11:30:55,945 | ERROR | 60: [Errno 61] Connection refused
2023-02-09 11:30:55,945 | ERROR | 60: [Errno 61] Connection refused
2023-02-09 11:30:56,950 | INFO | 47: can't connect to server
2023-02-09 11:30:56,950 | INFO | 47: can't connect to server
2023-02-09 11:30:56,951 | INFO | 59: can't connect to server
2023-02-09 11:30:56,951 | INFO | 59: can't connect to server
2023-02-09 11:30:56,952 | ERROR | 60: [Errno 61] Connection refused
2023-02-09 11:30:56,952 | ERROR | 60: [Errno 61] Connection refused
2023-02-09 11:30:57,956 | INFO | 47: can't connect to server
2023-02-09 11:30:57,956 | INFO | 47: can't connect to server
2023-02-09 11:30:57,956 | INFO | 59: can't connect to server
2023-02-09 11:30:57,956 | INFO | 59: can't connect to server
2023-02-09 11:30:57,957 | ERROR | 60: [Errno 61] Connection refused
2023-02-09 11:30:57,957 | ERROR | 60: [Errno 61] Connection refused
2023-02-09 11:30:58,962 | INFO | 47: can't connect to server
2023-02-09 11:30:58,962 | INFO | 47: can't connect to server
2023-02-09 11:30:58,963 | INFO | 59: can't connect to server
2023-02-09 11:30:58,963 | INFO | 59: can't connect to server
2023-02-09 11:30:58,963 | ERROR | 60: [Errno 61] Connection refused
2023-02-09 11:30:58,963 | ERROR | 60: [Errno 61] Connection refused
2023-02-09 11:30:59,964 | INFO | 47: can't connect to server
2023-02-09 11:30:59,964 | INFO | 47: can't connect to server
2023-02-09 11:30:59,965 | INFO | 59: can't connect to server
2023-02-09 11:30:59,965 | INFO | 59: can't connect to server
2023-02-09 11:30:59,965 | ERROR | 60: [Errno 61] Connection refused
2023-02-09 11:30:59,965 | ERROR | 60: [Errno 61] Connection refused
2023-02-09 11:31:00,969 | INFO | 47: can't connect to server
2023-02-09 11:31:00,969 | INFO | 47: can't connect to server
2023-02-09 11:31:00,969 | INFO | 59: can't connect to server
2023-02-09 11:31:00,969 | INFO | 59: can't connect to server
2023-02-09 11:31:00,969 | ERROR | 60: [Errno 61] Connection refused
2023-02-09 11:31:00,969 | ERROR | 60: [Errno 61] Connection refused
2023-02-09 11:31:01,972 | INFO | 47: can't connect to server
2023-02-09 11:31:01,972 | INFO | 47: can't connect to server
2023-02-09 11:31:01,973 | INFO | 59: can't connect to server
2023-02-09 11:31:01,973 | INFO | 59: can't connect to server
2023-02-09 11:31:01,973 | ERROR | 60: [Errno 61] Connection refused
2023-02-09 11:31:01,973 | ERROR | 60: [Errno 61] Connection refused
2023-02-09 11:31:02,976 | INFO | 47: can't connect to server
2023-02-09 11:31:02,976 | INFO | 47: can't connect to server
2023-02-09 11:31:02,978 | INFO | 59: can't connect to server
2023-02-09 11:31:02,978 | INFO | 59: can't connect to server
2023-02-09 11:31:02,978 | ERROR | 60: [Errno 61] Connection refused
2023-02-09 11:31:02,978 | ERROR | 60: [Errno 61] Connection refused
2023-02-09 11:31:03,982 | INFO | 47: can't connect to server
2023-02-09 11:31:03,982 | INFO | 47: can't connect to server
2023-02-09 11:31:03,983 | INFO | 59: can't connect to server
2023-02-09 11:31:03,983 | INFO | 59: can't connect to server
2023-02-09 11:31:03,983 | ERROR | 60: [Errno 61] Connection refused
2023-02-09 11:31:03,983 | ERROR | 60: [Errno 61] Connection refused
2023-02-09 11:31:04,986 | INFO | 47: can't connect to server
2023-02-09 11:31:04,986 | INFO | 47: can't connect to server
2023-02-09 11:31:04,987 | INFO | 59: can't connect to server
2023-02-09 11:31:04,987 | INFO | 59: can't connect to server
2023-02-09 11:31:04,987 | ERROR | 60: [Errno 61] Connection refused
2023-02-09 11:31:04,987 | ERROR | 60: [Errno 61] Connection refused
2023-02-09 11:31:05,992 | INFO | 47: can't connect to server
2023-02-09 11:31:05,992 | INFO | 47: can't connect to server
2023-02-09 11:31:05,993 | INFO | 59: can't connect to server
2023-02-09 11:31:05,993 | INFO | 59: can't connect to server
2023-02-09 11:31:05,993 | ERROR | 60: [Errno 61] Connection refused
2023-02-09 11:31:05,993 | ERROR | 60: [Errno 61] Connection refused
2023-02-09 11:31:06,996 | INFO | 47: can't connect to server
2023-02-09 11:31:06,996 | INFO | 47: can't connect to server
2023-02-09 11:31:06,997 | INFO | 59: can't connect to server
2023-02-09 11:31:06,997 | INFO | 59: can't connect to server
2023-02-09 11:31:06,997 | ERROR | 60: [Errno 61] Connection refused
2023-02-09 11:31:06,997 | ERROR | 60: [Errno 61] Connection refused
2023-02-09 11:31:08,000 | INFO | 47: can't connect to server
2023-02-09 11:31:08,000 | INFO | 47: can't connect to server
2023-02-09 11:31:08,001 | INFO | 59: can't connect to server
2023-02-09 11:31:08,001 | INFO | 59: can't connect to server
2023-02-09 11:31:08,001 | ERROR | 60: [Errno 61] Connection refused
2023-02-09 11:31:08,001 | ERROR | 60: [Errno 61] Connection refused
2023-02-09 11:31:09,003 | INFO | 47: can't connect to server
2023-02-09 11:31:09,003 | INFO | 47: can't connect to server
2023-02-09 11:31:09,004 | INFO | 59: can't connect to server
2023-02-09 11:31:09,004 | INFO | 59: can't connect to server
2023-02-09 11:31:09,004 | ERROR | 60: [Errno 61] Connection refused
2023-02-09 11:31:09,004 | ERROR | 60: [Errno 61] Connection refused
2023-02-09 11:31:10,008 | INFO | 47: can't connect to server
2023-02-09 11:31:10,008 | INFO | 47: can't connect to server
2023-02-09 11:31:10,009 | INFO | 59: can't connect to server
2023-02-09 11:31:10,009 | INFO | 59: can't connect to server
2023-02-09 11:31:10,009 | ERROR | 60: [Errno 61] Connection refused
2023-02-09 11:31:10,009 | ERROR | 60: [Errno 61] Connection refused
2023-02-09 11:31:11,014 | INFO | 47: can't connect to server
2023-02-09 11:31:11,014 | INFO | 47: can't connect to server
2023-02-09 11:31:11,015 | INFO | 59: can't connect to server
2023-02-09 11:31:11,015 | INFO | 59: can't connect to server
2023-02-09 11:31:11,015 | ERROR | 60: [Errno 61] Connection refused
2023-02-09 11:31:11,015 | ERROR | 60: [Errno 61] Connection refused
2023-02-09 11:31:12,021 | INFO | 47: can't connect to server
2023-02-09 11:31:12,021 | INFO | 47: can't connect to server
2023-02-09 11:31:12,021 | INFO | 59: can't connect to server
2023-02-09 11:31:12,021 | INFO | 59: can't connect to server
2023-02-09 11:31:12,022 | ERROR | 60: [Errno 61] Connection refused
2023-02-09 11:31:12,022 | ERROR | 60: [Errno 61] Connection refused
2023-02-09 11:31:13,026 | INFO | 47: can't connect to server
2023-02-09 11:31:13,026 | INFO | 47: can't connect to server
2023-02-09 11:31:13,027 | INFO | 59: can't connect to server
2023-02-09 11:31:13,027 | INFO | 59: can't connect to server
2023-02-09 11:31:13,027 | ERROR | 60: [Errno 61] Connection refused
2023-02-09 11:31:13,027 | ERROR | 60: [Errno 61] Connection refused
2023-02-09 11:31:14,031 | INFO | 47: can't connect to server
2023-02-09 11:31:14,031 | INFO | 47: can't connect to server
2023-02-09 11:31:14,031 | INFO | 59: can't connect to server
2023-02-09 11:31:14,031 | INFO | 59: can't connect to server
2023-02-09 11:31:14,031 | ERROR | 60: [Errno 61] Connection refused
2023-02-09 11:31:14,031 | ERROR | 60: [Errno 61] Connection refused
2023-02-09 11:31:15,035 | INFO | 47: can't connect to server
2023-02-09 11:31:15,035 | INFO | 47: can't connect to server
2023-02-09 11:31:15,036 | INFO | 59: can't connect to server
2023-02-09 11:31:15,036 | INFO | 59: can't connect to server
2023-02-09 11:31:15,036 | ERROR | 60: [Errno 61] Connection refused
2023-02-09 11:31:15,036 | ERROR | 60: [Errno 61] Connection refused
2023-02-09 11:31:16,038 | INFO | 47: can't connect to server
2023-02-09 11:31:16,038 | INFO | 47: can't connect to server
2023-02-09 11:31:16,039 | INFO | 59: can't connect to server
2023-02-09 11:31:16,039 | INFO | 59: can't connect to server
2023-02-09 11:31:16,039 | ERROR | 60: [Errno 61] Connection refused
2023-02-09 11:31:16,039 | ERROR | 60: [Errno 61] Connection refused
2023-02-09 11:31:17,040 | INFO | 47: can't connect to server
2023-02-09 11:31:17,040 | INFO | 47: can't connect to server
2023-02-09 11:31:17,041 | INFO | 59: can't connect to server
2023-02-09 11:31:17,041 | INFO | 59: can't connect to server
2023-02-09 11:31:17,041 | ERROR | 60: [Errno 61] Connection refused
2023-02-09 11:31:17,041 | ERROR | 60: [Errno 61] Connection refused
2023-02-09 11:31:18,042 | INFO | 47: can't connect to server
2023-02-09 11:31:18,042 | INFO | 47: can't connect to server
2023-02-09 11:31:18,043 | INFO | 59: can't connect to server
2023-02-09 11:31:18,043 | INFO | 59: can't connect to server
2023-02-09 11:31:18,043 | ERROR | 60: [Errno 61] Connection refused
2023-02-09 11:31:18,043 | ERROR | 60: [Errno 61] Connection refused
2023-02-09 11:31:19,051 | INFO | 47: can't connect to server
2023-02-09 11:31:19,051 | INFO | 47: can't connect to server
2023-02-09 11:31:19,053 | INFO | 59: can't connect to server
2023-02-09 11:31:19,053 | INFO | 59: can't connect to server
2023-02-09 11:31:19,053 | ERROR | 60: [Errno 61] Connection refused
2023-02-09 11:31:19,053 | ERROR | 60: [Errno 61] Connection refused
2023-02-09 11:31:20,835 | INFO | 47: can't connect to server
2023-02-09 11:31:20,835 | INFO | 47: can't connect to server
2023-02-09 11:31:20,839 | INFO | 59: can't connect to server
2023-02-09 11:31:20,839 | INFO | 59: can't connect to server
2023-02-09 11:31:20,926 | ERROR | 60: [Errno 61] Connection refused
2023-02-09 11:31:20,926 | ERROR | 60: [Errno 61] Connection refused
2023-02-09 11:31:31,933 | INFO | 47: can't connect to server
2023-02-09 11:31:31,933 | INFO | 47: can't connect to server
2023-02-09 11:31:31,943 | INFO | 59: can't connect to server
2023-02-09 11:31:31,943 | INFO | 59: can't connect to server
2023-02-09 11:31:31,943 | ERROR | 60: [Errno 61] Connection refused
2023-02-09 11:31:31,943 | ERROR | 60: [Errno 61] Connection refused
2023-02-09 11:31:37,349 | INFO | 47: can't connect to server
2023-02-09 11:31:37,349 | INFO | 47: can't connect to server
2023-02-09 11:31:37,361 | INFO | 59: can't connect to server
2023-02-09 11:31:37,361 | INFO | 59: can't connect to server
2023-02-09 11:31:37,522 | ERROR | 60: [Errno 61] Connection refused
2023-02-09 11:31:37,522 | ERROR | 60: [Errno 61] Connection refused
2023-02-09 11:31:41,947 | INFO | 47: can't connect to server
2023-02-09 11:31:41,947 | INFO | 47: can't connect to server
2023-02-09 11:31:41,951 | INFO | 59: can't connect to server
2023-02-09 11:31:41,951 | INFO | 59: can't connect to server
2023-02-09 11:31:41,952 | ERROR | 60: [Errno 61] Connection refused
2023-02-09 11:31:41,952 | ERROR | 60: [Errno 61] Connection refused
2023-02-09 11:31:45,587 | INFO | 47: can't connect to server
2023-02-09 11:31:45,587 | INFO | 47: can't connect to server
2023-02-09 11:31:45,594 | INFO | 59: can't connect to server
2023-02-09 11:31:45,594 | INFO | 59: can't connect to server
2023-02-09 11:31:45,597 | ERROR | 60: [Errno 61] Connection refused
2023-02-09 11:31:45,597 | ERROR | 60: [Errno 61] Connection refused
2023-02-09 11:31:46,716 | INFO | 47: can't connect to server
2023-02-09 11:31:46,716 | INFO | 47: can't connect to server
2023-02-09 11:31:46,719 | INFO | 59: can't connect to server
2023-02-09 11:31:46,719 | INFO | 59: can't connect to server
2023-02-09 11:31:46,721 | ERROR | 60: [Errno 61] Connection refused
2023-02-09 11:31:46,721 | ERROR | 60: [Errno 61] Connection refused
2023-02-09 11:31:55,588 | INFO | 47: can't connect to server
2023-02-09 11:31:55,588 | INFO | 47: can't connect to server
2023-02-09 11:31:55,590 | INFO | 59: can't connect to server
2023-02-09 11:31:55,590 | INFO | 59: can't connect to server
2023-02-09 11:31:55,592 | ERROR | 60: [Errno 61] Connection refused
2023-02-09 11:31:55,592 | ERROR | 60: [Errno 61] Connection refused
2023-02-09 11:31:56,594 | INFO | 47: can't connect to server
2023-02-09 11:31:56,594 | INFO | 47: can't connect to server
2023-02-09 11:31:56,677 | INFO | 59: can't connect to server
2023-02-09 11:31:56,677 | INFO | 59: can't connect to server
2023-02-09 11:31:56,700 | ERROR | 60: [Errno 61] Connection refused
2023-02-09 11:31:56,700 | ERROR | 60: [Errno 61] Connection refused
2023-02-09 11:32:03,273 | INFO | 47: can't connect to server
2023-02-09 11:32:03,273 | INFO | 47: can't connect to server
2023-02-09 11:32:03,284 | INFO | 59: can't connect to server
2023-02-09 11:32:03,284 | INFO | 59: can't connect to server
2023-02-09 11:32:03,293 | ERROR | 60: [Errno 61] Connection refused
2023-02-09 11:32:03,293 | ERROR | 60: [Errno 61] Connection refused
2023-02-09 11:32:04,314 | INFO | 47: can't connect to server
2023-02-09 11:32:04,314 | INFO | 47: can't connect to server
2023-02-09 11:32:04,317 | INFO | 59: can't connect to server
2023-02-09 11:32:04,317 | INFO | 59: can't connect to server
2023-02-09 11:32:04,320 | ERROR | 60: [Errno 61] Connection refused
2023-02-09 11:32:04,320 | ERROR | 60: [Errno 61] Connection refused
2023-02-09 11:32:05,321 | INFO | 47: can't connect to server
2023-02-09 11:32:05,321 | INFO | 47: can't connect to server
2023-02-09 11:32:05,322 | INFO | 59: can't connect to server
2023-02-09 11:32:05,322 | INFO | 59: can't connect to server
2023-02-09 11:32:05,322 | ERROR | 60: [Errno 61] Connection refused
2023-02-09 11:32:05,322 | ERROR | 60: [Errno 61] Connection refused
2023-02-09 11:32:11,137 | INFO | 25: 
Controller constructor: 
2023-02-09 11:32:11,138 | INFO | 26: connect to DB .....
2023-02-09 11:32:11,138 | INFO | 27: active DB cursor ..... 

2023-02-09 11:32:11,138 | INFO | 396: 
Util constructor: 
2023-02-09 11:32:11,139 | INFO | 397: run QApplication .......
2023-02-09 11:32:11,139 | INFO | 398: init screensize .......
2023-02-09 11:32:11,139 | INFO | 399: init components dict .......

2023-02-09 11:33:19,641 | INFO | 25: 
Controller constructor: 
2023-02-09 11:33:19,641 | INFO | 26: connect to DB .....
2023-02-09 11:33:19,641 | INFO | 27: active DB cursor ..... 

2023-02-09 11:33:19,642 | INFO | 396: 
Util constructor: 
2023-02-09 11:33:19,642 | INFO | 397: run QApplication .......
2023-02-09 11:33:19,642 | INFO | 398: init screensize .......
2023-02-09 11:33:19,642 | INFO | 399: init components dict .......

2023-02-09 11:33:35,356 | INFO | 76: 
success execute query
2023-02-09 11:33:35,467 | INFO | 76: 
success execute query
2023-02-09 11:33:35,552 | INFO | 76: 
success execute query
2023-02-09 11:33:35,569 | INFO | 76: 
success execute query
2023-02-09 11:33:35,630 | INFO | 76: 
success execute query
2023-02-09 11:33:35,652 | INFO | 76: 
success execute query
2023-02-09 11:33:35,711 | INFO | 76: 
success execute query
2023-02-09 12:12:27,225 | INFO | 26: 
Controller constructor: 
2023-02-09 12:12:27,225 | INFO | 27: connect to DB .....
2023-02-09 12:12:27,225 | INFO | 28: active DB cursor ..... 

2023-02-09 12:12:27,225 | INFO | 396: 
Util constructor: 
2023-02-09 12:12:27,225 | INFO | 397: run QApplication .......
2023-02-09 12:12:27,225 | INFO | 398: init screensize .......
2023-02-09 12:12:27,225 | INFO | 399: init components dict .......

2023-02-09 12:12:31,022 | INFO | 82: 
success execute query
2023-02-09 12:12:31,075 | INFO | 82: 
success execute query
2023-02-09 12:12:31,137 | INFO | 82: 
success execute query
2023-02-09 12:12:31,153 | INFO | 82: 
success execute query
2023-02-09 12:12:31,173 | INFO | 82: 
success execute query
2023-02-09 12:12:31,193 | INFO | 82: 
success execute query
2023-02-09 12:12:31,211 | INFO | 82: 
success execute query
2023-02-09 12:18:28,689 | INFO | 26: 
Controller constructor: 
2023-02-09 12:18:28,689 | INFO | 27: connect to DB .....
2023-02-09 12:18:28,689 | INFO | 28: active DB cursor ..... 

2023-02-09 12:18:28,690 | INFO | 396: 
Util constructor: 
2023-02-09 12:18:28,690 | INFO | 397: run QApplication .......
2023-02-09 12:18:28,690 | INFO | 398: init screensize .......
2023-02-09 12:18:28,690 | INFO | 399: init components dict .......

2023-02-09 12:18:32,262 | INFO | 82: 
success execute query
2023-02-09 12:18:32,322 | INFO | 82: 
success execute query
2023-02-09 12:18:32,386 | INFO | 82: 
success execute query
2023-02-09 12:18:32,402 | INFO | 82: 
success execute query
2023-02-09 12:18:32,422 | INFO | 82: 
success execute query
2023-02-09 12:18:32,442 | INFO | 82: 
success execute query
2023-02-09 12:18:32,460 | INFO | 82: 
success execute query
2023-02-09 12:19:21,131 | INFO | 26: 
Controller constructor: 
2023-02-09 12:19:21,132 | INFO | 27: connect to DB .....
2023-02-09 12:19:21,132 | INFO | 28: active DB cursor ..... 

2023-02-09 12:19:21,132 | INFO | 396: 
Util constructor: 
2023-02-09 12:19:21,132 | INFO | 397: run QApplication .......
2023-02-09 12:19:21,132 | INFO | 398: init screensize .......
2023-02-09 12:19:21,132 | INFO | 399: init components dict .......

2023-02-09 12:19:26,630 | INFO | 82: 
success execute query
2023-02-09 12:19:26,663 | INFO | 82: 
success execute query
2023-02-09 12:19:26,722 | INFO | 82: 
success execute query
2023-02-09 12:19:26,738 | INFO | 82: 
success execute query
2023-02-09 12:19:26,757 | INFO | 82: 
success execute query
2023-02-09 12:19:26,777 | INFO | 82: 
success execute query
2023-02-09 12:19:26,793 | INFO | 82: 
success execute query
2023-02-09 12:19:54,374 | INFO | 26: 
Controller constructor: 
2023-02-09 12:19:54,374 | INFO | 27: connect to DB .....
2023-02-09 12:19:54,374 | INFO | 28: active DB cursor ..... 

2023-02-09 12:19:54,375 | INFO | 396: 
Util constructor: 
2023-02-09 12:19:54,375 | INFO | 397: run QApplication .......
2023-02-09 12:19:54,375 | INFO | 398: init screensize .......
2023-02-09 12:19:54,375 | INFO | 399: init components dict .......

2023-02-09 12:19:57,812 | INFO | 82: 
success execute query
2023-02-09 12:19:57,845 | INFO | 82: 
success execute query
2023-02-09 12:19:57,904 | INFO | 82: 
success execute query
2023-02-09 12:19:57,920 | INFO | 82: 
success execute query
2023-02-09 12:19:57,938 | INFO | 82: 
success execute query
2023-02-09 12:19:57,958 | INFO | 82: 
success execute query
2023-02-09 12:19:57,976 | INFO | 82: 
success execute query
2023-02-09 12:21:01,056 | INFO | 26: 
Controller constructor: 
2023-02-09 12:21:01,058 | INFO | 27: connect to DB .....
2023-02-09 12:21:01,060 | INFO | 28: active DB cursor ..... 

2023-02-09 12:21:01,061 | INFO | 396: 
Util constructor: 
2023-02-09 12:21:01,074 | INFO | 397: run QApplication .......
2023-02-09 12:21:01,077 | INFO | 398: init screensize .......
2023-02-09 12:21:01,090 | INFO | 399: init components dict .......

2023-02-09 12:21:04,820 | INFO | 82: 
success execute query
2023-02-09 12:21:04,874 | INFO | 82: 
success execute query
2023-02-09 12:21:04,932 | INFO | 82: 
success execute query
2023-02-09 12:21:04,949 | INFO | 82: 
success execute query
2023-02-09 12:21:04,967 | INFO | 82: 
success execute query
2023-02-09 12:21:04,987 | INFO | 82: 
success execute query
2023-02-09 12:21:05,003 | INFO | 82: 
success execute query
2023-02-09 12:25:44,323 | INFO | 26: 
Controller constructor: 
2023-02-09 12:25:44,323 | INFO | 27: connect to DB .....
2023-02-09 12:25:44,323 | INFO | 28: active DB cursor ..... 

2023-02-09 12:25:44,324 | INFO | 396: 
Util constructor: 
2023-02-09 12:25:44,324 | INFO | 397: run QApplication .......
2023-02-09 12:25:44,324 | INFO | 398: init screensize .......
2023-02-09 12:25:44,324 | INFO | 399: init components dict .......

2023-02-09 12:25:47,915 | INFO | 82: 
success execute query
2023-02-09 12:25:47,970 | INFO | 82: 
success execute query
2023-02-09 12:25:48,034 | INFO | 82: 
success execute query
2023-02-09 12:25:48,050 | INFO | 82: 
success execute query
2023-02-09 12:25:48,068 | INFO | 82: 
success execute query
2023-02-09 12:25:48,087 | INFO | 82: 
success execute query
2023-02-09 12:25:48,104 | INFO | 82: 
success execute query
2023-02-09 12:37:51,867 | INFO | 26: 
Controller constructor: 
2023-02-09 12:37:51,868 | INFO | 27: connect to DB .....
2023-02-09 12:37:51,868 | INFO | 28: active DB cursor ..... 

2023-02-09 12:37:51,868 | INFO | 396: 
Util constructor: 
2023-02-09 12:37:51,868 | INFO | 397: run QApplication .......
2023-02-09 12:37:51,868 | INFO | 398: init screensize .......
2023-02-09 12:37:51,868 | INFO | 399: init components dict .......

2023-02-09 12:37:55,723 | INFO | 82: 
success execute query
2023-02-09 12:37:55,769 | INFO | 82: 
success execute query
2023-02-09 12:37:55,839 | INFO | 82: 
success execute query
2023-02-09 12:37:55,860 | INFO | 82: 
success execute query
2023-02-09 12:37:55,884 | INFO | 82: 
success execute query
2023-02-09 12:37:55,909 | INFO | 82: 
success execute query
2023-02-09 12:37:55,928 | INFO | 82: 
success execute query
2023-02-09 17:36:50,772 | INFO | 26: 
Controller constructor: 
2023-02-09 17:36:50,772 | INFO | 27: connect to DB .....
2023-02-09 17:36:50,772 | INFO | 28: active DB cursor ..... 

2023-02-09 17:36:50,772 | INFO | 396: 
Util constructor: 
2023-02-09 17:36:50,772 | INFO | 397: run QApplication .......
2023-02-09 17:36:50,772 | INFO | 398: init screensize .......
2023-02-09 17:36:50,773 | INFO | 399: init components dict .......

2023-02-09 17:36:54,451 | INFO | 82: 
success execute query
2023-02-09 17:36:54,524 | INFO | 82: 
success execute query
2023-02-09 17:36:54,588 | INFO | 82: 
success execute query
2023-02-09 17:36:54,604 | INFO | 82: 
success execute query
2023-02-09 17:36:54,625 | INFO | 82: 
success execute query
2023-02-09 17:36:54,645 | INFO | 82: 
success execute query
2023-02-09 17:36:54,662 | INFO | 82: 
success execute query
2023-02-10 11:17:02,962 | INFO | 26: 
Controller constructor: 
2023-02-10 11:17:02,962 | INFO | 27: connect to DB .....
2023-02-10 11:17:02,962 | INFO | 28: active DB cursor ..... 

2023-02-10 11:17:02,962 | INFO | 396: 
Util constructor: 
2023-02-10 11:17:02,963 | INFO | 397: run QApplication .......
2023-02-10 11:17:02,963 | INFO | 398: init screensize .......
2023-02-10 11:17:02,963 | INFO | 399: init components dict .......

2023-02-10 11:17:06,692 | INFO | 82: 
success execute query
2023-02-10 11:17:06,790 | INFO | 82: 
success execute query
2023-02-10 11:17:06,892 | INFO | 82: 
success execute query
2023-02-10 11:17:06,908 | INFO | 82: 
success execute query
2023-02-10 11:17:06,927 | INFO | 82: 
success execute query
2023-02-10 11:17:06,947 | INFO | 82: 
success execute query
2023-02-10 11:17:06,965 | INFO | 82: 
success execute query
2023-02-10 11:21:45,971 | INFO | 26: 
Controller constructor: 
2023-02-10 11:21:45,971 | INFO | 27: connect to DB .....
2023-02-10 11:21:45,971 | INFO | 28: active DB cursor ..... 

2023-02-10 11:21:45,971 | INFO | 396: 
Util constructor: 
2023-02-10 11:21:45,971 | INFO | 397: run QApplication .......
2023-02-10 11:21:45,971 | INFO | 398: init screensize .......
2023-02-10 11:21:45,971 | INFO | 399: init components dict .......

2023-02-10 11:21:49,436 | INFO | 82: 
success execute query
2023-02-10 11:21:49,469 | INFO | 82: 
success execute query
2023-02-10 11:21:49,528 | INFO | 82: 
success execute query
2023-02-10 11:21:49,544 | INFO | 82: 
success execute query
2023-02-10 11:21:49,563 | INFO | 82: 
success execute query
2023-02-10 11:21:49,583 | INFO | 82: 
success execute query
2023-02-10 11:21:49,600 | INFO | 82: 
success execute query
2023-02-10 11:24:01,616 | INFO | 26: 
Controller constructor: 
2023-02-10 11:24:01,616 | INFO | 27: connect to DB .....
2023-02-10 11:24:01,617 | INFO | 28: active DB cursor ..... 

2023-02-10 11:24:01,617 | INFO | 396: 
Util constructor: 
2023-02-10 11:24:01,617 | INFO | 397: run QApplication .......
2023-02-10 11:24:01,617 | INFO | 398: init screensize .......
2023-02-10 11:24:01,617 | INFO | 399: init components dict .......

2023-02-10 11:24:07,027 | INFO | 82: 
success execute query
2023-02-10 11:24:07,060 | INFO | 82: 
success execute query
2023-02-10 11:24:07,119 | INFO | 82: 
success execute query
2023-02-10 11:24:07,135 | INFO | 82: 
success execute query
2023-02-10 11:26:52,814 | INFO | 26: 
Controller constructor: 
2023-02-10 11:26:52,814 | INFO | 27: connect to DB .....
2023-02-10 11:26:52,814 | INFO | 28: active DB cursor ..... 

2023-02-10 11:26:52,814 | INFO | 396: 
Util constructor: 
2023-02-10 11:26:52,815 | INFO | 397: run QApplication .......
2023-02-10 11:26:52,815 | INFO | 398: init screensize .......
2023-02-10 11:26:52,815 | INFO | 399: init components dict .......

2023-02-10 11:26:56,894 | INFO | 82: 
success execute query
2023-02-10 11:26:56,943 | INFO | 82: 
success execute query
2023-02-10 11:26:57,000 | INFO | 82: 
success execute query
2023-02-10 11:26:57,016 | INFO | 82: 
success execute query
2023-02-10 11:26:57,034 | INFO | 82: 
success execute query
2023-02-10 11:26:57,053 | INFO | 82: 
success execute query
2023-02-10 11:26:57,070 | INFO | 82: 
success execute query
2023-02-10 11:27:25,611 | INFO | 26: 
Controller constructor: 
2023-02-10 11:27:25,611 | INFO | 27: connect to DB .....
2023-02-10 11:27:25,612 | INFO | 28: active DB cursor ..... 

2023-02-10 11:27:25,612 | INFO | 396: 
Util constructor: 
2023-02-10 11:27:25,612 | INFO | 397: run QApplication .......
2023-02-10 11:27:25,612 | INFO | 398: init screensize .......
2023-02-10 11:27:25,612 | INFO | 399: init components dict .......

2023-02-10 11:27:29,005 | INFO | 82: 
success execute query
2023-02-10 11:27:29,037 | INFO | 82: 
success execute query
2023-02-10 11:27:29,096 | INFO | 82: 
success execute query
2023-02-10 11:27:29,112 | INFO | 82: 
success execute query
2023-02-10 11:27:29,132 | INFO | 82: 
success execute query
2023-02-10 11:27:29,152 | INFO | 82: 
success execute query
2023-02-10 11:27:29,168 | INFO | 82: 
success execute query
2023-02-10 11:38:10,947 | INFO | 26: 
Controller constructor: 
2023-02-10 11:38:10,947 | INFO | 27: connect to DB .....
2023-02-10 11:38:10,947 | INFO | 28: active DB cursor ..... 

2023-02-10 11:38:10,948 | INFO | 396: 
Util constructor: 
2023-02-10 11:38:10,948 | INFO | 397: run QApplication .......
2023-02-10 11:38:10,948 | INFO | 398: init screensize .......
2023-02-10 11:38:10,948 | INFO | 399: init components dict .......

2023-02-10 11:38:35,755 | INFO | 82: 
success execute query
2023-02-10 11:38:35,799 | INFO | 82: 
success execute query
2023-02-10 11:38:35,862 | INFO | 82: 
success execute query
2023-02-10 11:38:35,878 | INFO | 82: 
success execute query
2023-02-10 11:38:35,898 | INFO | 82: 
success execute query
2023-02-10 11:38:35,917 | INFO | 82: 
success execute query
2023-02-10 11:38:35,935 | INFO | 82: 
success execute query
2023-02-10 11:39:16,159 | INFO | 26: 
Controller constructor: 
2023-02-10 11:39:16,160 | INFO | 27: connect to DB .....
2023-02-10 11:39:16,160 | INFO | 28: active DB cursor ..... 

2023-02-10 11:39:16,160 | INFO | 396: 
Util constructor: 
2023-02-10 11:39:16,160 | INFO | 397: run QApplication .......
2023-02-10 11:39:16,160 | INFO | 398: init screensize .......
2023-02-10 11:39:16,161 | INFO | 399: init components dict .......

2023-02-10 11:39:19,700 | INFO | 82: 
success execute query
2023-02-10 11:39:19,733 | INFO | 82: 
success execute query
2023-02-10 11:39:19,791 | INFO | 82: 
success execute query
2023-02-10 11:39:19,807 | INFO | 82: 
success execute query
2023-02-10 11:39:19,826 | INFO | 82: 
success execute query
2023-02-10 11:39:19,845 | INFO | 82: 
success execute query
2023-02-10 11:39:19,861 | INFO | 82: 
success execute query
2023-02-10 11:41:13,664 | INFO | 26: 
Controller constructor: 
2023-02-10 11:41:13,664 | INFO | 27: connect to DB .....
2023-02-10 11:41:13,664 | INFO | 28: active DB cursor ..... 

2023-02-10 11:41:13,664 | INFO | 396: 
Util constructor: 
2023-02-10 11:41:13,664 | INFO | 397: run QApplication .......
2023-02-10 11:41:13,665 | INFO | 398: init screensize .......
2023-02-10 11:41:13,665 | INFO | 399: init components dict .......

2023-02-10 11:41:17,298 | INFO | 82: 
success execute query
2023-02-10 11:41:17,353 | INFO | 82: 
success execute query
2023-02-10 11:41:17,413 | INFO | 82: 
success execute query
2023-02-10 11:41:17,431 | INFO | 82: 
success execute query
2023-02-10 11:41:17,450 | INFO | 82: 
success execute query
2023-02-10 11:41:17,471 | INFO | 82: 
success execute query
2023-02-10 11:41:17,488 | INFO | 82: 
success execute query
2023-02-10 11:44:23,258 | INFO | 26: 
Controller constructor: 
2023-02-10 11:44:23,259 | INFO | 27: connect to DB .....
2023-02-10 11:44:23,259 | INFO | 28: active DB cursor ..... 

2023-02-10 11:44:23,259 | INFO | 396: 
Util constructor: 
2023-02-10 11:44:23,259 | INFO | 397: run QApplication .......
2023-02-10 11:44:23,259 | INFO | 398: init screensize .......
2023-02-10 11:44:23,260 | INFO | 399: init components dict .......

2023-02-10 11:44:26,678 | INFO | 82: 
success execute query
2023-02-10 11:44:26,732 | INFO | 82: 
success execute query
2023-02-10 11:44:26,800 | INFO | 82: 
success execute query
2023-02-10 11:44:26,816 | INFO | 82: 
success execute query
2023-02-10 11:44:26,836 | INFO | 82: 
success execute query
2023-02-10 11:44:26,856 | INFO | 82: 
success execute query
2023-02-10 11:44:26,874 | INFO | 82: 
success execute query
2023-02-10 12:26:50,677 | INFO | 26: 
Controller constructor: 
2023-02-10 12:26:50,678 | INFO | 27: connect to DB .....
2023-02-10 12:26:50,682 | INFO | 28: active DB cursor ..... 

2023-02-10 12:26:50,689 | INFO | 396: 
Util constructor: 
2023-02-10 12:26:50,689 | INFO | 397: run QApplication .......
2023-02-10 12:26:50,690 | INFO | 398: init screensize .......
2023-02-10 12:26:50,690 | INFO | 399: init components dict .......

2023-02-10 12:27:03,713 | INFO | 82: 
success execute query
2023-02-10 12:27:03,767 | INFO | 82: 
success execute query
2023-02-10 12:27:03,832 | INFO | 82: 
success execute query
2023-02-10 12:27:03,849 | INFO | 82: 
success execute query
2023-02-10 12:27:03,909 | INFO | 82: 
success execute query
2023-02-10 12:27:03,929 | INFO | 82: 
success execute query
2023-02-10 12:27:03,946 | INFO | 82: 
success execute query
2023-02-10 12:27:43,196 | INFO | 26: 
Controller constructor: 
2023-02-10 12:27:43,196 | INFO | 27: connect to DB .....
2023-02-10 12:27:43,196 | INFO | 28: active DB cursor ..... 

2023-02-10 12:27:43,196 | INFO | 396: 
Util constructor: 
2023-02-10 12:27:43,196 | INFO | 397: run QApplication .......
2023-02-10 12:27:43,196 | INFO | 398: init screensize .......
2023-02-10 12:27:43,197 | INFO | 399: init components dict .......

2023-02-10 12:27:47,634 | INFO | 82: 
success execute query
2023-02-10 12:27:47,685 | INFO | 82: 
success execute query
2023-02-10 12:27:47,743 | INFO | 82: 
success execute query
2023-02-10 12:27:47,759 | INFO | 82: 
success execute query
2023-02-10 12:27:47,777 | INFO | 82: 
success execute query
2023-02-10 12:27:47,797 | INFO | 82: 
success execute query
2023-02-10 12:27:47,814 | INFO | 82: 
success execute query
2023-02-10 12:28:19,518 | INFO | 26: 
Controller constructor: 
2023-02-10 12:28:19,519 | INFO | 27: connect to DB .....
2023-02-10 12:28:19,524 | INFO | 28: active DB cursor ..... 

2023-02-10 12:28:19,525 | INFO | 396: 
Util constructor: 
2023-02-10 12:28:19,526 | INFO | 397: run QApplication .......
2023-02-10 12:28:19,526 | INFO | 398: init screensize .......
2023-02-10 12:28:19,527 | INFO | 399: init components dict .......

2023-02-10 12:28:23,402 | INFO | 82: 
success execute query
2023-02-10 12:28:23,434 | INFO | 82: 
success execute query
2023-02-10 12:28:23,492 | INFO | 82: 
success execute query
2023-02-10 12:28:23,508 | INFO | 82: 
success execute query
2023-02-10 12:28:23,586 | INFO | 82: 
success execute query
2023-02-10 12:28:23,607 | INFO | 82: 
success execute query
2023-02-10 12:28:23,627 | INFO | 82: 
success execute query
2023-02-10 12:29:01,022 | INFO | 26: 
Controller constructor: 
2023-02-10 12:29:01,022 | INFO | 27: connect to DB .....
2023-02-10 12:29:01,022 | INFO | 28: active DB cursor ..... 

2023-02-10 12:29:01,023 | INFO | 396: 
Util constructor: 
2023-02-10 12:29:01,023 | INFO | 397: run QApplication .......
2023-02-10 12:29:01,023 | INFO | 398: init screensize .......
2023-02-10 12:29:01,023 | INFO | 399: init components dict .......

2023-02-10 12:29:04,768 | INFO | 82: 
success execute query
2023-02-10 12:29:04,800 | INFO | 82: 
success execute query
2023-02-10 12:29:04,858 | INFO | 82: 
success execute query
2023-02-10 12:29:04,875 | INFO | 82: 
success execute query
2023-02-10 12:29:04,894 | INFO | 82: 
success execute query
2023-02-10 12:29:04,913 | INFO | 82: 
success execute query
2023-02-10 12:29:04,931 | INFO | 82: 
success execute query
2023-02-10 12:29:08,820 | INFO | 82: 
success execute query
2023-02-10 17:37:12,091 | INFO | 26: 
Controller constructor: 
2023-02-10 17:37:12,092 | INFO | 27: connect to DB .....
2023-02-10 17:37:12,093 | INFO | 28: active DB cursor ..... 

2023-02-10 17:37:12,093 | INFO | 396: 
Util constructor: 
2023-02-10 17:37:12,093 | INFO | 397: run QApplication .......
2023-02-10 17:37:12,093 | INFO | 398: init screensize .......
2023-02-10 17:37:12,093 | INFO | 399: init components dict .......

2023-02-10 17:37:16,987 | INFO | 82: 
success execute query
2023-02-10 17:37:17,063 | INFO | 82: 
success execute query
2023-02-10 17:37:17,124 | INFO | 82: 
success execute query
2023-02-10 17:37:17,142 | INFO | 82: 
success execute query
2023-02-10 17:37:17,208 | INFO | 82: 
success execute query
2023-02-10 17:37:17,228 | INFO | 82: 
success execute query
2023-02-10 17:37:17,246 | INFO | 82: 
success execute query
2023-02-10 17:37:25,834 | INFO | 82: 
success execute query
2023-02-10 17:39:54,181 | INFO | 82: 
success execute query
2023-02-10 17:40:06,967 | INFO | 82: 
success execute query
2023-02-10 17:41:03,872 | INFO | 26: 
Controller constructor: 
2023-02-10 17:41:03,872 | INFO | 27: connect to DB .....
2023-02-10 17:41:03,872 | INFO | 28: active DB cursor ..... 

2023-02-10 17:41:03,873 | INFO | 396: 
Util constructor: 
2023-02-10 17:41:03,873 | INFO | 397: run QApplication .......
2023-02-10 17:41:03,873 | INFO | 398: init screensize .......
2023-02-10 17:41:03,873 | INFO | 399: init components dict .......

2023-02-10 17:41:07,909 | INFO | 82: 
success execute query
2023-02-10 17:41:07,941 | INFO | 82: 
success execute query
2023-02-10 17:41:07,999 | INFO | 82: 
success execute query
2023-02-10 17:41:08,015 | INFO | 82: 
success execute query
2023-02-10 17:41:08,035 | INFO | 82: 
success execute query
2023-02-10 17:41:08,054 | INFO | 82: 
success execute query
2023-02-10 17:41:08,071 | INFO | 82: 
success execute query
2023-02-10 17:41:11,954 | INFO | 82: 
success execute query
2023-02-10 17:41:19,582 | INFO | 82: 
success execute query
2023-02-10 17:41:22,309 | INFO | 82: 
success execute query
2023-02-10 17:41:25,139 | INFO | 82: 
success execute query
2023-02-10 20:07:35,402 | INFO | 26: 
Controller constructor: 
2023-02-10 20:07:35,402 | INFO | 27: connect to DB .....
2023-02-10 20:07:35,402 | INFO | 28: active DB cursor ..... 

2023-02-10 20:07:35,403 | INFO | 396: 
Util constructor: 
2023-02-10 20:07:35,403 | INFO | 397: run QApplication .......
2023-02-10 20:07:35,403 | INFO | 398: init screensize .......
2023-02-10 20:07:35,403 | INFO | 399: init components dict .......

2023-02-10 20:07:39,103 | INFO | 82: 
success execute query
2023-02-10 20:07:39,166 | INFO | 82: 
success execute query
2023-02-10 20:07:39,229 | INFO | 82: 
success execute query
2023-02-10 20:07:39,245 | INFO | 82: 
success execute query
2023-02-10 20:07:39,266 | INFO | 82: 
success execute query
2023-02-10 20:07:39,286 | INFO | 82: 
success execute query
2023-02-10 20:07:39,303 | INFO | 82: 
success execute query
2023-02-10 20:07:43,369 | INFO | 82: 
success execute query
2023-02-10 20:07:44,468 | INFO | 82: 
success execute query
2023-02-10 20:07:45,245 | INFO | 82: 
success execute query
2023-02-10 20:07:47,079 | INFO | 82: 
success execute query
2023-02-10 20:07:48,017 | INFO | 82: 
success execute query
2023-02-10 20:07:49,113 | INFO | 82: 
success execute query
2023-02-10 20:07:50,451 | INFO | 82: 
success execute query
2023-02-10 20:07:52,387 | INFO | 82: 
success execute query
2023-02-10 20:07:53,167 | INFO | 82: 
success execute query
