
Controller constructor: 
connect to DB .....
active DB cursor ..... 


Util constructor: 
run QApplication .......
init screensize .......
init components dict .......

Run Cam Thread ...
something wrong with ipcam .... 
can only concatenate str (not "int") to str
retrying to connect.... 
something wrong with ipcam .... 
can only concatenate str (not "int") to str
retrying to connect.... 
something wrong with ipcam .... 
can only concatenate str (not "int") to str
retrying to connect.... 
something wrong with ipcam .... 
can only concatenate str (not "int") to str
retrying to connect.... 
something wrong with ipcam .... 
can only concatenate str (not "int") to str
retrying to connect.... 
something wrong with ipcam .... 
can only concatenate str (not "int") to str
retrying to connect.... 
something wrong with ipcam .... 
can only concatenate str (not "int") to str
retrying to connect.... 
something wrong with ipcam .... 
can only concatenate str (not "int") to str
retrying to connect.... 
something wrong with ipcam .... 
can only concatenate str (not "int") to str
retrying to connect.... 
something wrong with ipcam .... 
can only concatenate str (not "int") to str
retrying to connect.... 
something wrong with ipcam .... 
can only concatenate str (not "int") to str
retrying to connect.... 
something wrong with ipcam .... 
can only concatenate str (not "int") to str
retrying to connect.... 

Controller constructor: 
connect to DB .....
active DB cursor ..... 


Util constructor: 
run QApplication .......
init screensize .......
init components dict .......

Run Cam Thread ...
Run video capture from --> rtsp://admin:admin@192.168.100.121
Run snapshot thread( standby waiting snapshot# command ) ...

Controller constructor: 
connect to DB .....
active DB cursor ..... 


Util constructor: 
run QApplication .......
init screensize .......
init components dict .......

Run Cam Thread ...
Run video capture from --> rtsp://admin:admin@192.168.100.121
Run snapshot thread( standby waiting snapshot# command ) ...

Controller constructor: 
connect to DB .....
active DB cursor ..... 


Util constructor: 
run QApplication .......
init screensize .......
init components dict .......

Run Cam Thread ...
Run video capture from --> rtsp://admin:admin@192.168.100.121
Run snapshot thread( standby waiting snapshot# command ) ...

Controller constructor: 
connect to DB .....
active DB cursor ..... 


Util constructor: 
run QApplication .......
init screensize .......
init components dict .......

Run Cam Thread ...
Run video capture from --> rtsp://admin:admin@192.168.100.121
Run snapshot thread( standby waiting snapshot# command ) ...

Controller constructor: 
connect to DB .....
active DB cursor ..... 


Util constructor: 
run QApplication .......
init screensize .......
init components dict .......

Run Cam Thread ...
Run video capture from --> rtsp://admin:admin@192.168.100.121
Run snapshot thread( standby waiting snapshot# command ) ...

Controller constructor: 
connect to DB .....
active DB cursor ..... 


Util constructor: 
run QApplication .......
init screensize .......
init components dict .......

Run Cam Thread ...
Run video capture from --> rtsp://admin:admin@192.168.100.121
Run snapshot thread( standby waiting snapshot# command ) ...
